0 info it worked if it ends with ok
1 verbose cli [ 'X:\\Program Files\\nodejs\\\\node.exe',
1 verbose cli   'X:\\Program Files\\nodejs\\node_modules\\npm\\bin\\npm-cli.js',
1 verbose cli   'install' ]
2 info using npm@1.4.28
3 info using node@v0.10.32
4 verbose node symlink X:\Program Files\nodejs\\node.exe
5 warn package.json faq_edit@1.0.0 No repository field.
6 warn package.json faq_edit@1.0.0 No README data
7 verbose readDependencies using package.json deps
8 verbose install where, deps [ 'F:\\git\\faq_edit',
8 verbose install   [ 'body-parser',
8 verbose install     'connect-flash',
8 verbose install     'connect-redis',
8 verbose install     'cookie-parser',
8 verbose install     'crypto',
8 verbose install     'express',
8 verbose install     'express-hbs',
8 verbose install     'express-session',
8 verbose install     'morgan',
8 verbose install     'mysql',
8 verbose install     'path',
8 verbose install     'redis',
8 verbose install     'ueditor',
8 verbose install     'transliteration' ] ]
9 info preinstall faq_edit@1.0.0
10 warn package.json crypto@0.0.3 crypto is also the name of a node core module.
11 warn package.json path@0.4.9 path is also the name of a node core module.
12 warn package.json ueditor@1.0.0 No description
13 verbose readDependencies using package.json deps
14 verbose already installed skipping body-parser@^1.9.2 F:\git\faq_edit
15 verbose already installed skipping connect-flash@^0.1.1 F:\git\faq_edit
16 verbose already installed skipping connect-redis@2.1.0 F:\git\faq_edit
17 verbose already installed skipping cookie-parser@^1.3.3 F:\git\faq_edit
18 verbose already installed skipping crypto@0.0.3 F:\git\faq_edit
19 verbose already installed skipping express@4.10.1 F:\git\faq_edit
20 verbose already installed skipping express-hbs@^0.7.11 F:\git\faq_edit
21 verbose already installed skipping express-session@1.9.1 F:\git\faq_edit
22 verbose already installed skipping morgan@^1.4.1 F:\git\faq_edit
23 verbose already installed skipping mysql@2.5.2 F:\git\faq_edit
24 verbose already installed skipping path@^0.4.9 F:\git\faq_edit
25 verbose already installed skipping redis@^0.12.1 F:\git\faq_edit
26 verbose already installed skipping ueditor@^1.0.0 F:\git\faq_edit
27 verbose cache add [ 'transliteration@0.07', null ]
28 verbose cache add name=undefined spec="transliteration@0.07" args=["transliteration@0.07",null]
29 verbose parsed url { protocol: null,
29 verbose parsed url   slashes: null,
29 verbose parsed url   auth: null,
29 verbose parsed url   host: null,
29 verbose parsed url   port: null,
29 verbose parsed url   hostname: null,
29 verbose parsed url   hash: null,
29 verbose parsed url   search: null,
29 verbose parsed url   query: null,
29 verbose parsed url   pathname: 'transliteration@0.07',
29 verbose parsed url   path: 'transliteration@0.07',
29 verbose parsed url   href: 'transliteration@0.07' }
30 verbose cache add name="transliteration" spec="0.07" args=["transliteration","0.07"]
31 verbose parsed url { protocol: null,
31 verbose parsed url   slashes: null,
31 verbose parsed url   auth: null,
31 verbose parsed url   host: null,
31 verbose parsed url   port: null,
31 verbose parsed url   hostname: null,
31 verbose parsed url   hash: null,
31 verbose parsed url   search: null,
31 verbose parsed url   query: null,
31 verbose parsed url   pathname: '0.07',
31 verbose parsed url   path: '0.07',
31 verbose parsed url   href: '0.07' }
32 verbose addNamed [ 'transliteration', '0.07' ]
33 verbose addNamed [ null, null ]
34 silly lockFile 9dbc258d-transliteration-0-07 transliteration@0.07
35 verbose lock transliteration@0.07 X:\Users\光年\AppData\Roaming\npm-cache\9dbc258d-transliteration-0-07.lock
36 silly addNameRange { name: 'transliteration',
36 silly addNameRange   range: '>=0.7.0-0 <0.8.0-0',
36 silly addNameRange   hasData: false }
37 verbose request where is /transliteration
38 verbose request registry https://registry.npmjs.org/
39 verbose request id 6386241829e8912c
40 verbose url raw /transliteration
41 verbose url resolving [ 'https://registry.npmjs.org/', './transliteration' ]
42 verbose url resolved https://registry.npmjs.org/transliteration
43 verbose request where is https://registry.npmjs.org/transliteration
44 info trying registry request attempt 1 at 16:46:20
45 verbose etag "1JFNFTS792G7G2QEW21HRA377"
46 http GET https://registry.npmjs.org/transliteration
47 http 304 https://registry.npmjs.org/transliteration
48 silly registry.get cb [ 304,
48 silly registry.get   { date: 'Tue, 11 Nov 2014 08:46:21 GMT',
48 silly registry.get     server: 'Apache',
48 silly registry.get     via: '1.1 varnish',
48 silly registry.get     'last-modified': 'Tue, 11 Nov 2014 08:45:44 GMT',
48 silly registry.get     'cache-control': 'max-age=60',
48 silly registry.get     etag: '"1JFNFTS792G7G2QEW21HRA377"',
48 silly registry.get     age: '37',
48 silly registry.get     'x-served-by': 'cache-ty66-TYO',
48 silly registry.get     'x-cache': 'HIT',
48 silly registry.get     'x-cache-hits': '2',
48 silly registry.get     'x-timer': 'S1415695581.655390,VS0,VE0',
48 silly registry.get     vary: 'Accept',
48 silly registry.get     'content-length': '0',
48 silly registry.get     'keep-alive': 'timeout=10, max=50',
48 silly registry.get     connection: 'Keep-Alive' } ]
49 verbose etag https://registry.npmjs.org/transliteration from cache
50 silly addNameRange number 2 { name: 'transliteration',
50 silly addNameRange   range: '>=0.7.0-0 <0.8.0-0',
50 silly addNameRange   hasData: true }
51 silly addNameRange versions [ 'transliteration',
51 silly addNameRange   [ '0.0.1', '0.0.2', '0.0.3', '0.0.4', '0.0.5', '0.0.7' ] ]
52 silly lockFile 9dbc258d-transliteration-0-07 transliteration@0.07
53 silly lockFile 9dbc258d-transliteration-0-07 transliteration@0.07
54 error notarget No compatible version found: transliteration@'>=0.7.0-0 <0.8.0-0'
54 error notarget Valid install targets:
54 error notarget ["0.0.1","0.0.2","0.0.3","0.0.4","0.0.5","0.0.7"]
54 error notarget
54 error notarget This is most likely not a problem with npm itself.
54 error notarget In most cases you or one of your dependencies are requesting
54 error notarget a package version that doesn't exist.
55 error System Windows_NT 6.2.9200
56 error command "X:\\Program Files\\nodejs\\\\node.exe" "X:\\Program Files\\nodejs\\node_modules\\npm\\bin\\npm-cli.js" "install"
57 error cwd F:\git\faq_edit
58 error node -v v0.10.32
59 error npm -v 1.4.28
60 error code ETARGET
61 verbose exit [ 1, true ]
